global_state.rb: process with pid 5779 started.
global_state.rb: process with pid 2424 started.
/home/deploy/.rbenv/versions/2.1.2/lib/ruby/gems/2.1.0/gems/redis-3.0.7/lib/redis/client.rb:222:in `rescue in io': Connection timed out (Redis::TimeoutError)
	from /home/deploy/.rbenv/versions/2.1.2/lib/ruby/gems/2.1.0/gems/redis-3.0.7/lib/redis/client.rb:220:in `io'
	from /home/deploy/.rbenv/versions/2.1.2/lib/ruby/gems/2.1.0/gems/redis-3.0.7/lib/redis/client.rb:228:in `read'
	from /home/deploy/.rbenv/versions/2.1.2/lib/ruby/gems/2.1.0/gems/redis-3.0.7/lib/redis/client.rb:96:in `block in call'
	from /home/deploy/.rbenv/versions/2.1.2/lib/ruby/gems/2.1.0/gems/redis-3.0.7/lib/redis/client.rb:201:in `block (2 levels) in process'
	from /home/deploy/.rbenv/versions/2.1.2/lib/ruby/gems/2.1.0/gems/redis-3.0.7/lib/redis/client.rb:309:in `ensure_connected'
	from /home/deploy/.rbenv/versions/2.1.2/lib/ruby/gems/2.1.0/gems/redis-3.0.7/lib/redis/client.rb:191:in `block in process'
	from /home/deploy/.rbenv/versions/2.1.2/lib/ruby/gems/2.1.0/gems/redis-3.0.7/lib/redis/client.rb:270:in `logging'
	from /home/deploy/.rbenv/versions/2.1.2/lib/ruby/gems/2.1.0/gems/redis-3.0.7/lib/redis/client.rb:190:in `process'
	from /home/deploy/.rbenv/versions/2.1.2/lib/ruby/gems/2.1.0/gems/redis-3.0.7/lib/redis/client.rb:96:in `call'
	from /home/deploy/.rbenv/versions/2.1.2/lib/ruby/gems/2.1.0/gems/redis-3.0.7/lib/redis.rb:784:in `block in get'
	from /home/deploy/.rbenv/versions/2.1.2/lib/ruby/gems/2.1.0/gems/redis-3.0.7/lib/redis.rb:37:in `block in synchronize'
	from /home/deploy/.rbenv/versions/2.1.2/lib/ruby/2.1.0/monitor.rb:211:in `mon_synchronize'
	from /home/deploy/.rbenv/versions/2.1.2/lib/ruby/gems/2.1.0/gems/redis-3.0.7/lib/redis.rb:37:in `synchronize'
	from /home/deploy/.rbenv/versions/2.1.2/lib/ruby/gems/2.1.0/gems/redis-3.0.7/lib/redis.rb:783:in `get'
	from /home/deploy/.rbenv/versions/2.1.2/lib/ruby/gems/2.1.0/gems/redis-store-1.1.4/lib/redis/store/interface.rb:5:in `get'
	from /home/deploy/.rbenv/versions/2.1.2/lib/ruby/gems/2.1.0/gems/redis-store-1.1.4/lib/redis/store/marshalling.rb:17:in `get'
	from /home/deploy/.rbenv/versions/2.1.2/lib/ruby/gems/2.1.0/gems/redis-activesupport-4.0.0/lib/active_support/cache/redis_store.rb:169:in `read_entry'
	from /home/deploy/.rbenv/versions/2.1.2/lib/ruby/gems/2.1.0/gems/activesupport-4.0.2/lib/active_support/cache.rb:314:in `block in read'
	from /home/deploy/.rbenv/versions/2.1.2/lib/ruby/gems/2.1.0/gems/activesupport-4.0.2/lib/active_support/cache.rb:519:in `instrument'
	from /home/deploy/.rbenv/versions/2.1.2/lib/ruby/gems/2.1.0/gems/activesupport-4.0.2/lib/active_support/cache.rb:313:in `read'
	from /home/deploy/peatio/current/app/models/global.rb:43:in `ticker'
	from /home/deploy/peatio/current/app/models/global.rb:77:in `trigger_ticker'
	from /home/deploy/peatio/current/lib/daemons/global_state.rb:18:in `block (2 levels) in <top (required)>'
	from /home/deploy/peatio/current/lib/daemons/global_state.rb:18:in `tap'
	from /home/deploy/peatio/current/lib/daemons/global_state.rb:18:in `block in <top (required)>'
	from /home/deploy/peatio/current/lib/daemons/global_state.rb:17:in `each_key'
	from /home/deploy/peatio/current/lib/daemons/global_state.rb:17:in `<top (required)>'
	from /home/deploy/.rbenv/versions/2.1.2/lib/ruby/gems/2.1.0/gems/daemons-1.1.9/lib/daemons/application.rb:203:in `load'
	from /home/deploy/.rbenv/versions/2.1.2/lib/ruby/gems/2.1.0/gems/daemons-1.1.9/lib/daemons/application.rb:203:in `start_load'
	from /home/deploy/.rbenv/versions/2.1.2/lib/ruby/gems/2.1.0/gems/daemons-1.1.9/lib/daemons/application.rb:298:in `start'
	from /home/deploy/.rbenv/versions/2.1.2/lib/ruby/gems/2.1.0/gems/daemons-1.1.9/lib/daemons/controller.rb:70:in `run'
	from /home/deploy/.rbenv/versions/2.1.2/lib/ruby/gems/2.1.0/gems/daemons-1.1.9/lib/daemons.rb:147:in `block in run'
	from /home/deploy/.rbenv/versions/2.1.2/lib/ruby/gems/2.1.0/gems/daemons-1.1.9/lib/daemons/cmdline.rb:109:in `call'
	from /home/deploy/.rbenv/versions/2.1.2/lib/ruby/gems/2.1.0/gems/daemons-1.1.9/lib/daemons/cmdline.rb:109:in `catch_exceptions'
	from /home/deploy/.rbenv/versions/2.1.2/lib/ruby/gems/2.1.0/gems/daemons-1.1.9/lib/daemons.rb:146:in `run'
	from /home/deploy/.rbenv/versions/2.1.2/lib/ruby/gems/2.1.0/gems/daemons-rails-1.2.1/lib/daemons/rails.rb:16:in `run'
	from lib/daemons/global_state_ctl:6:in `<main>'
global_state.rb: process with pid 2466 started.
/home/deploy/.rbenv/versions/2.1.2/lib/ruby/gems/2.1.0/gems/redis-3.0.7/lib/redis/client.rb:222:in `rescue in io': Connection timed out (Redis::TimeoutError)
	from /home/deploy/.rbenv/versions/2.1.2/lib/ruby/gems/2.1.0/gems/redis-3.0.7/lib/redis/client.rb:220:in `io'
	from /home/deploy/.rbenv/versions/2.1.2/lib/ruby/gems/2.1.0/gems/redis-3.0.7/lib/redis/client.rb:228:in `read'
	from /home/deploy/.rbenv/versions/2.1.2/lib/ruby/gems/2.1.0/gems/redis-3.0.7/lib/redis/client.rb:96:in `block in call'
	from /home/deploy/.rbenv/versions/2.1.2/lib/ruby/gems/2.1.0/gems/redis-3.0.7/lib/redis/client.rb:201:in `block (2 levels) in process'
	from /home/deploy/.rbenv/versions/2.1.2/lib/ruby/gems/2.1.0/gems/redis-3.0.7/lib/redis/client.rb:309:in `ensure_connected'
	from /home/deploy/.rbenv/versions/2.1.2/lib/ruby/gems/2.1.0/gems/redis-3.0.7/lib/redis/client.rb:191:in `block in process'
	from /home/deploy/.rbenv/versions/2.1.2/lib/ruby/gems/2.1.0/gems/redis-3.0.7/lib/redis/client.rb:270:in `logging'
	from /home/deploy/.rbenv/versions/2.1.2/lib/ruby/gems/2.1.0/gems/redis-3.0.7/lib/redis/client.rb:190:in `process'
	from /home/deploy/.rbenv/versions/2.1.2/lib/ruby/gems/2.1.0/gems/redis-3.0.7/lib/redis/client.rb:96:in `call'
	from /home/deploy/.rbenv/versions/2.1.2/lib/ruby/gems/2.1.0/gems/redis-3.0.7/lib/redis.rb:784:in `block in get'
	from /home/deploy/.rbenv/versions/2.1.2/lib/ruby/gems/2.1.0/gems/redis-3.0.7/lib/redis.rb:37:in `block in synchronize'
	from /home/deploy/.rbenv/versions/2.1.2/lib/ruby/2.1.0/monitor.rb:211:in `mon_synchronize'
	from /home/deploy/.rbenv/versions/2.1.2/lib/ruby/gems/2.1.0/gems/redis-3.0.7/lib/redis.rb:37:in `synchronize'
	from /home/deploy/.rbenv/versions/2.1.2/lib/ruby/gems/2.1.0/gems/redis-3.0.7/lib/redis.rb:783:in `get'
	from /home/deploy/.rbenv/versions/2.1.2/lib/ruby/gems/2.1.0/gems/redis-store-1.1.4/lib/redis/store/interface.rb:5:in `get'
	from /home/deploy/.rbenv/versions/2.1.2/lib/ruby/gems/2.1.0/gems/redis-store-1.1.4/lib/redis/store/marshalling.rb:17:in `get'
	from /home/deploy/.rbenv/versions/2.1.2/lib/ruby/gems/2.1.0/gems/redis-activesupport-4.0.0/lib/active_support/cache/redis_store.rb:169:in `read_entry'
	from /home/deploy/.rbenv/versions/2.1.2/lib/ruby/gems/2.1.0/gems/activesupport-4.0.2/lib/active_support/cache.rb:314:in `block in read'
	from /home/deploy/.rbenv/versions/2.1.2/lib/ruby/gems/2.1.0/gems/activesupport-4.0.2/lib/active_support/cache.rb:519:in `instrument'
	from /home/deploy/.rbenv/versions/2.1.2/lib/ruby/gems/2.1.0/gems/activesupport-4.0.2/lib/active_support/cache.rb:313:in `read'
	from /home/deploy/peatio/current/app/models/global.rb:35:in `bids'
	from /home/deploy/peatio/current/app/models/global.rb:44:in `ticker'
	from /home/deploy/peatio/current/app/models/global.rb:77:in `trigger_ticker'
	from /home/deploy/peatio/current/lib/daemons/global_state.rb:18:in `block (2 levels) in <top (required)>'
	from /home/deploy/peatio/current/lib/daemons/global_state.rb:18:in `tap'
	from /home/deploy/peatio/current/lib/daemons/global_state.rb:18:in `block in <top (required)>'
	from /home/deploy/peatio/current/lib/daemons/global_state.rb:17:in `each_key'
	from /home/deploy/peatio/current/lib/daemons/global_state.rb:17:in `<top (required)>'
	from /home/deploy/.rbenv/versions/2.1.2/lib/ruby/gems/2.1.0/gems/daemons-1.1.9/lib/daemons/application.rb:203:in `load'
	from /home/deploy/.rbenv/versions/2.1.2/lib/ruby/gems/2.1.0/gems/daemons-1.1.9/lib/daemons/application.rb:203:in `start_load'
	from /home/deploy/.rbenv/versions/2.1.2/lib/ruby/gems/2.1.0/gems/daemons-1.1.9/lib/daemons/application.rb:298:in `start'
	from /home/deploy/.rbenv/versions/2.1.2/lib/ruby/gems/2.1.0/gems/daemons-1.1.9/lib/daemons/controller.rb:70:in `run'
	from /home/deploy/.rbenv/versions/2.1.2/lib/ruby/gems/2.1.0/gems/daemons-1.1.9/lib/daemons.rb:147:in `block in run'
	from /home/deploy/.rbenv/versions/2.1.2/lib/ruby/gems/2.1.0/gems/daemons-1.1.9/lib/daemons/cmdline.rb:109:in `call'
	from /home/deploy/.rbenv/versions/2.1.2/lib/ruby/gems/2.1.0/gems/daemons-1.1.9/lib/daemons/cmdline.rb:109:in `catch_exceptions'
	from /home/deploy/.rbenv/versions/2.1.2/lib/ruby/gems/2.1.0/gems/daemons-1.1.9/lib/daemons.rb:146:in `run'
	from /home/deploy/.rbenv/versions/2.1.2/lib/ruby/gems/2.1.0/gems/daemons-rails-1.2.1/lib/daemons/rails.rb:16:in `run'
	from lib/daemons/global_state_ctl:6:in `<main>'
