# Logfile created on 2014-06-30 16:38:30 by logger.rb/44203
I, [2014-06-30T16:38:30.401513 #5894]  INFO -- : *** below you find the most recent exception thrown, this will be likely (but not certainly) the exception that made the application exit abnormally ***
E, [2014-06-30T16:38:30.401960 #5894] ERROR -- : Resource temporarily unavailable - read would block (IO::EAGAINWaitReadable)
/home/deploy/.rbenv/versions/2.1.2/lib/ruby/gems/2.1.0/gems/bunny-1.2.1/lib/bunny/cruby/socket.rb:41:in `read_nonblock'
/home/deploy/.rbenv/versions/2.1.2/lib/ruby/gems/2.1.0/gems/bunny-1.2.1/lib/bunny/cruby/socket.rb:41:in `block in read_fully'
/home/deploy/.rbenv/versions/2.1.2/lib/ruby/gems/2.1.0/gems/bunny-1.2.1/lib/bunny/cruby/socket.rb:40:in `loop'
/home/deploy/.rbenv/versions/2.1.2/lib/ruby/gems/2.1.0/gems/bunny-1.2.1/lib/bunny/cruby/socket.rb:40:in `read_fully'
/home/deploy/.rbenv/versions/2.1.2/lib/ruby/gems/2.1.0/gems/bunny-1.2.1/lib/bunny/transport.rb:199:in `read_next_frame'
/home/deploy/.rbenv/versions/2.1.2/lib/ruby/gems/2.1.0/gems/bunny-1.2.1/lib/bunny/session.rb:923:in `init_connection'
/home/deploy/.rbenv/versions/2.1.2/lib/ruby/gems/2.1.0/gems/bunny-1.2.1/lib/bunny/session.rb:254:in `start'
/home/deploy/peatio/current/lib/daemons/amqp_daemon.rb:17:in `<top (required)>'
/home/deploy/.rbenv/versions/2.1.2/lib/ruby/gems/2.1.0/gems/daemons-1.1.9/lib/daemons/application.rb:203:in `load'
/home/deploy/.rbenv/versions/2.1.2/lib/ruby/gems/2.1.0/gems/daemons-1.1.9/lib/daemons/application.rb:203:in `start_load'
/home/deploy/.rbenv/versions/2.1.2/lib/ruby/gems/2.1.0/gems/daemons-1.1.9/lib/daemons/application.rb:298:in `start'
/home/deploy/.rbenv/versions/2.1.2/lib/ruby/gems/2.1.0/gems/daemons-1.1.9/lib/daemons/controller.rb:70:in `run'
/home/deploy/.rbenv/versions/2.1.2/lib/ruby/gems/2.1.0/gems/daemons-1.1.9/lib/daemons.rb:147:in `block in run'
/home/deploy/.rbenv/versions/2.1.2/lib/ruby/gems/2.1.0/gems/daemons-1.1.9/lib/daemons/cmdline.rb:109:in `call'
/home/deploy/.rbenv/versions/2.1.2/lib/ruby/gems/2.1.0/gems/daemons-1.1.9/lib/daemons/cmdline.rb:109:in `catch_exceptions'
/home/deploy/.rbenv/versions/2.1.2/lib/ruby/gems/2.1.0/gems/daemons-1.1.9/lib/daemons.rb:146:in `run'
/home/deploy/.rbenv/versions/2.1.2/lib/ruby/gems/2.1.0/gems/daemons-rails-1.2.1/lib/daemons/rails.rb:16:in `run'
lib/daemons/withdraw_audit_ctl:11:in `<main>'
I, [2014-06-30T16:38:30.406210 #5894]  INFO -- : *** below you find all exception objects found in memory, some of them may have been thrown in your application, others may just be in memory because they are standard exceptions ***
E, [2014-06-30T16:38:30.411424 #5894] ERROR -- : stream closed (IOError)

E, [2014-06-30T16:38:30.412337 #5894] ERROR -- : failed to allocate memory (NoMemoryError)

E, [2014-06-30T16:38:30.412920 #5894] ERROR -- : stack level too deep (SystemStackError)

E, [2014-06-30T16:38:30.414507 #5894] ERROR -- : exception reentered (fatal)

E, [2014-06-30T16:38:30.437376 #5894] ERROR -- : Value will be available once the pipeline executes. (Redis::FutureNotReady)

E, [2014-06-30T16:38:30.487140 #5894] ERROR -- : No such file or directory @ rb_sysopen - /home/deploy/peatio/current/log/peatio:amqp:withdraw_audit.log (Errno::ENOENT)
/home/deploy/.rbenv/versions/2.1.2/lib/ruby/2.1.0/open-uri.rb:36:in `initialize'
/home/deploy/.rbenv/versions/2.1.2/lib/ruby/2.1.0/open-uri.rb:36:in `open'
/home/deploy/.rbenv/versions/2.1.2/lib/ruby/2.1.0/open-uri.rb:36:in `open'
/home/deploy/.rbenv/versions/2.1.2/lib/ruby/2.1.0/logger.rb:592:in `open_logfile'
/home/deploy/.rbenv/versions/2.1.2/lib/ruby/2.1.0/logger.rb:549:in `initialize'
/home/deploy/.rbenv/versions/2.1.2/lib/ruby/2.1.0/logger.rb:318:in `new'
/home/deploy/.rbenv/versions/2.1.2/lib/ruby/2.1.0/logger.rb:318:in `initialize'
/home/deploy/.rbenv/versions/2.1.2/lib/ruby/gems/2.1.0/gems/daemons-1.1.9/lib/daemons/application.rb:353:in `new'
/home/deploy/.rbenv/versions/2.1.2/lib/ruby/gems/2.1.0/gems/daemons-1.1.9/lib/daemons/application.rb:353:in `exception_log'
/home/deploy/.rbenv/versions/2.1.2/lib/ruby/gems/2.1.0/gems/daemons-1.1.9/lib/daemons/application.rb:165:in `block in start_load'
E, [2014-06-30T16:38:30.487906 #5894] ERROR -- : Resource temporarily unavailable - read would block (IO::EAGAINWaitReadable)
/home/deploy/.rbenv/versions/2.1.2/lib/ruby/gems/2.1.0/gems/bunny-1.2.1/lib/bunny/cruby/socket.rb:41:in `read_nonblock'
/home/deploy/.rbenv/versions/2.1.2/lib/ruby/gems/2.1.0/gems/bunny-1.2.1/lib/bunny/cruby/socket.rb:41:in `block in read_fully'
/home/deploy/.rbenv/versions/2.1.2/lib/ruby/gems/2.1.0/gems/bunny-1.2.1/lib/bunny/cruby/socket.rb:40:in `loop'
/home/deploy/.rbenv/versions/2.1.2/lib/ruby/gems/2.1.0/gems/bunny-1.2.1/lib/bunny/cruby/socket.rb:40:in `read_fully'
/home/deploy/.rbenv/versions/2.1.2/lib/ruby/gems/2.1.0/gems/bunny-1.2.1/lib/bunny/transport.rb:199:in `read_next_frame'
/home/deploy/.rbenv/versions/2.1.2/lib/ruby/gems/2.1.0/gems/bunny-1.2.1/lib/bunny/reader_loop.rb:63:in `run_once'
/home/deploy/.rbenv/versions/2.1.2/lib/ruby/gems/2.1.0/gems/bunny-1.2.1/lib/bunny/reader_loop.rb:33:in `block in run_loop'
/home/deploy/.rbenv/versions/2.1.2/lib/ruby/gems/2.1.0/gems/bunny-1.2.1/lib/bunny/reader_loop.rb:30:in `loop'
/home/deploy/.rbenv/versions/2.1.2/lib/ruby/gems/2.1.0/gems/bunny-1.2.1/lib/bunny/reader_loop.rb:30:in `run_loop'
E, [2014-06-30T16:38:30.488791 #5894] ERROR -- : ACCESS_REFUSED - access to queue 'peatio.withdraw.audit' in vhost '/' refused for user 'netwareboss' (Bunny::AccessRefused)
/home/deploy/.rbenv/versions/2.1.2/lib/ruby/gems/2.1.0/gems/bunny-1.2.1/lib/bunny/channel.rb:1883:in `raise_if_continuation_resulted_in_a_channel_error!'
/home/deploy/.rbenv/versions/2.1.2/lib/ruby/gems/2.1.0/gems/bunny-1.2.1/lib/bunny/channel.rb:974:in `queue_declare'
/home/deploy/.rbenv/versions/2.1.2/lib/ruby/gems/2.1.0/gems/bunny-1.2.1/lib/bunny/queue.rb:358:in `declare!'
/home/deploy/.rbenv/versions/2.1.2/lib/ruby/gems/2.1.0/gems/bunny-1.2.1/lib/bunny/queue.rb:56:in `initialize'
/home/deploy/.rbenv/versions/2.1.2/lib/ruby/gems/2.1.0/gems/bunny-1.2.1/lib/bunny/channel.rb:401:in `new'
/home/deploy/.rbenv/versions/2.1.2/lib/ruby/gems/2.1.0/gems/bunny-1.2.1/lib/bunny/channel.rb:401:in `queue'
/home/deploy/peatio/current/lib/daemons/amqp_daemon.rb:37:in `block in <top (required)>'
/home/deploy/peatio/current/lib/daemons/amqp_daemon.rb:35:in `each'
/home/deploy/peatio/current/lib/daemons/amqp_daemon.rb:35:in `<top (required)>'
/home/deploy/.rbenv/versions/2.1.2/lib/ruby/gems/2.1.0/gems/daemons-1.1.9/lib/daemons/application.rb:203:in `load'
/home/deploy/.rbenv/versions/2.1.2/lib/ruby/gems/2.1.0/gems/daemons-1.1.9/lib/daemons/application.rb:203:in `start_load'
/home/deploy/.rbenv/versions/2.1.2/lib/ruby/gems/2.1.0/gems/daemons-1.1.9/lib/daemons/application.rb:298:in `start'
/home/deploy/.rbenv/versions/2.1.2/lib/ruby/gems/2.1.0/gems/daemons-1.1.9/lib/daemons/controller.rb:70:in `run'
/home/deploy/.rbenv/versions/2.1.2/lib/ruby/gems/2.1.0/gems/daemons-1.1.9/lib/daemons.rb:147:in `block in run'
/home/deploy/.rbenv/versions/2.1.2/lib/ruby/gems/2.1.0/gems/daemons-1.1.9/lib/daemons/cmdline.rb:109:in `call'
/home/deploy/.rbenv/versions/2.1.2/lib/ruby/gems/2.1.0/gems/daemons-1.1.9/lib/daemons/cmdline.rb:109:in `catch_exceptions'
/home/deploy/.rbenv/versions/2.1.2/lib/ruby/gems/2.1.0/gems/daemons-1.1.9/lib/daemons.rb:146:in `run'
/home/deploy/.rbenv/versions/2.1.2/lib/ruby/gems/2.1.0/gems/daemons-rails-1.2.1/lib/daemons/rails.rb:16:in `run'
lib/daemons/withdraw_audit_ctl:11:in `<main>'
E, [2014-06-30T16:38:30.489959 #5894] ERROR -- : Resource temporarily unavailable - read would block (IO::EAGAINWaitReadable)
/home/deploy/.rbenv/versions/2.1.2/lib/ruby/gems/2.1.0/gems/bunny-1.2.1/lib/bunny/cruby/socket.rb:41:in `read_nonblock'
/home/deploy/.rbenv/versions/2.1.2/lib/ruby/gems/2.1.0/gems/bunny-1.2.1/lib/bunny/cruby/socket.rb:41:in `block in read_fully'
/home/deploy/.rbenv/versions/2.1.2/lib/ruby/gems/2.1.0/gems/bunny-1.2.1/lib/bunny/cruby/socket.rb:40:in `loop'
/home/deploy/.rbenv/versions/2.1.2/lib/ruby/gems/2.1.0/gems/bunny-1.2.1/lib/bunny/cruby/socket.rb:40:in `read_fully'
/home/deploy/.rbenv/versions/2.1.2/lib/ruby/gems/2.1.0/gems/bunny-1.2.1/lib/bunny/transport.rb:199:in `read_next_frame'
/home/deploy/.rbenv/versions/2.1.2/lib/ruby/gems/2.1.0/gems/bunny-1.2.1/lib/bunny/reader_loop.rb:63:in `run_once'
/home/deploy/.rbenv/versions/2.1.2/lib/ruby/gems/2.1.0/gems/bunny-1.2.1/lib/bunny/reader_loop.rb:33:in `block in run_loop'
/home/deploy/.rbenv/versions/2.1.2/lib/ruby/gems/2.1.0/gems/bunny-1.2.1/lib/bunny/reader_loop.rb:30:in `loop'
/home/deploy/.rbenv/versions/2.1.2/lib/ruby/gems/2.1.0/gems/bunny-1.2.1/lib/bunny/reader_loop.rb:30:in `run_loop'
E, [2014-06-30T16:38:30.490706 #5894] ERROR -- : Resource temporarily unavailable - read would block (IO::EAGAINWaitReadable)
/home/deploy/.rbenv/versions/2.1.2/lib/ruby/gems/2.1.0/gems/bunny-1.2.1/lib/bunny/cruby/socket.rb:41:in `read_nonblock'
/home/deploy/.rbenv/versions/2.1.2/lib/ruby/gems/2.1.0/gems/bunny-1.2.1/lib/bunny/cruby/socket.rb:41:in `block in read_fully'
/home/deploy/.rbenv/versions/2.1.2/lib/ruby/gems/2.1.0/gems/bunny-1.2.1/lib/bunny/cruby/socket.rb:40:in `loop'
/home/deploy/.rbenv/versions/2.1.2/lib/ruby/gems/2.1.0/gems/bunny-1.2.1/lib/bunny/cruby/socket.rb:40:in `read_fully'
/home/deploy/.rbenv/versions/2.1.2/lib/ruby/gems/2.1.0/gems/bunny-1.2.1/lib/bunny/transport.rb:199:in `read_next_frame'
/home/deploy/.rbenv/versions/2.1.2/lib/ruby/gems/2.1.0/gems/bunny-1.2.1/lib/bunny/reader_loop.rb:63:in `run_once'
/home/deploy/.rbenv/versions/2.1.2/lib/ruby/gems/2.1.0/gems/bunny-1.2.1/lib/bunny/reader_loop.rb:33:in `block in run_loop'
/home/deploy/.rbenv/versions/2.1.2/lib/ruby/gems/2.1.0/gems/bunny-1.2.1/lib/bunny/reader_loop.rb:30:in `loop'
/home/deploy/.rbenv/versions/2.1.2/lib/ruby/gems/2.1.0/gems/bunny-1.2.1/lib/bunny/reader_loop.rb:30:in `run_loop'
E, [2014-06-30T16:38:30.491308 #5894] ERROR -- : Resource temporarily unavailable - read would block (IO::EAGAINWaitReadable)
/home/deploy/.rbenv/versions/2.1.2/lib/ruby/gems/2.1.0/gems/bunny-1.2.1/lib/bunny/cruby/socket.rb:41:in `read_nonblock'
/home/deploy/.rbenv/versions/2.1.2/lib/ruby/gems/2.1.0/gems/bunny-1.2.1/lib/bunny/cruby/socket.rb:41:in `block in read_fully'
/home/deploy/.rbenv/versions/2.1.2/lib/ruby/gems/2.1.0/gems/bunny-1.2.1/lib/bunny/cruby/socket.rb:40:in `loop'
/home/deploy/.rbenv/versions/2.1.2/lib/ruby/gems/2.1.0/gems/bunny-1.2.1/lib/bunny/cruby/socket.rb:40:in `read_fully'
/home/deploy/.rbenv/versions/2.1.2/lib/ruby/gems/2.1.0/gems/bunny-1.2.1/lib/bunny/transport.rb:199:in `read_next_frame'
/home/deploy/.rbenv/versions/2.1.2/lib/ruby/gems/2.1.0/gems/bunny-1.2.1/lib/bunny/reader_loop.rb:63:in `run_once'
/home/deploy/.rbenv/versions/2.1.2/lib/ruby/gems/2.1.0/gems/bunny-1.2.1/lib/bunny/reader_loop.rb:33:in `block in run_loop'
/home/deploy/.rbenv/versions/2.1.2/lib/ruby/gems/2.1.0/gems/bunny-1.2.1/lib/bunny/reader_loop.rb:30:in `loop'
/home/deploy/.rbenv/versions/2.1.2/lib/ruby/gems/2.1.0/gems/bunny-1.2.1/lib/bunny/reader_loop.rb:30:in `run_loop'
E, [2014-06-30T16:38:30.492203 #5894] ERROR -- : Resource temporarily unavailable - read would block (IO::EAGAINWaitReadable)
/home/deploy/.rbenv/versions/2.1.2/lib/ruby/gems/2.1.0/gems/bunny-1.2.1/lib/bunny/cruby/socket.rb:41:in `read_nonblock'
/home/deploy/.rbenv/versions/2.1.2/lib/ruby/gems/2.1.0/gems/bunny-1.2.1/lib/bunny/cruby/socket.rb:41:in `block in read_fully'
/home/deploy/.rbenv/versions/2.1.2/lib/ruby/gems/2.1.0/gems/bunny-1.2.1/lib/bunny/cruby/socket.rb:40:in `loop'
/home/deploy/.rbenv/versions/2.1.2/lib/ruby/gems/2.1.0/gems/bunny-1.2.1/lib/bunny/cruby/socket.rb:40:in `read_fully'
/home/deploy/.rbenv/versions/2.1.2/lib/ruby/gems/2.1.0/gems/bunny-1.2.1/lib/bunny/transport.rb:199:in `read_next_frame'
/home/deploy/.rbenv/versions/2.1.2/lib/ruby/gems/2.1.0/gems/bunny-1.2.1/lib/bunny/session.rb:990:in `open_connection'
/home/deploy/.rbenv/versions/2.1.2/lib/ruby/gems/2.1.0/gems/bunny-1.2.1/lib/bunny/session.rb:255:in `start'
/home/deploy/peatio/current/lib/daemons/amqp_daemon.rb:17:in `<top (required)>'
/home/deploy/.rbenv/versions/2.1.2/lib/ruby/gems/2.1.0/gems/daemons-1.1.9/lib/daemons/application.rb:203:in `load'
/home/deploy/.rbenv/versions/2.1.2/lib/ruby/gems/2.1.0/gems/daemons-1.1.9/lib/daemons/application.rb:203:in `start_load'
/home/deploy/.rbenv/versions/2.1.2/lib/ruby/gems/2.1.0/gems/daemons-1.1.9/lib/daemons/application.rb:298:in `start'
/home/deploy/.rbenv/versions/2.1.2/lib/ruby/gems/2.1.0/gems/daemons-1.1.9/lib/daemons/controller.rb:70:in `run'
/home/deploy/.rbenv/versions/2.1.2/lib/ruby/gems/2.1.0/gems/daemons-1.1.9/lib/daemons.rb:147:in `block in run'
/home/deploy/.rbenv/versions/2.1.2/lib/ruby/gems/2.1.0/gems/daemons-1.1.9/lib/daemons/cmdline.rb:109:in `call'
/home/deploy/.rbenv/versions/2.1.2/lib/ruby/gems/2.1.0/gems/daemons-1.1.9/lib/daemons/cmdline.rb:109:in `catch_exceptions'
/home/deploy/.rbenv/versions/2.1.2/lib/ruby/gems/2.1.0/gems/daemons-1.1.9/lib/daemons.rb:146:in `run'
/home/deploy/.rbenv/versions/2.1.2/lib/ruby/gems/2.1.0/gems/daemons-rails-1.2.1/lib/daemons/rails.rb:16:in `run'
lib/daemons/withdraw_audit_ctl:11:in `<main>'
E, [2014-06-30T16:38:30.493091 #5894] ERROR -- : Resource temporarily unavailable - read would block (IO::EAGAINWaitReadable)
/home/deploy/.rbenv/versions/2.1.2/lib/ruby/gems/2.1.0/gems/bunny-1.2.1/lib/bunny/cruby/socket.rb:41:in `read_nonblock'
/home/deploy/.rbenv/versions/2.1.2/lib/ruby/gems/2.1.0/gems/bunny-1.2.1/lib/bunny/cruby/socket.rb:41:in `block in read_fully'
/home/deploy/.rbenv/versions/2.1.2/lib/ruby/gems/2.1.0/gems/bunny-1.2.1/lib/bunny/cruby/socket.rb:40:in `loop'
/home/deploy/.rbenv/versions/2.1.2/lib/ruby/gems/2.1.0/gems/bunny-1.2.1/lib/bunny/cruby/socket.rb:40:in `read_fully'
/home/deploy/.rbenv/versions/2.1.2/lib/ruby/gems/2.1.0/gems/bunny-1.2.1/lib/bunny/transport.rb:199:in `read_next_frame'
/home/deploy/.rbenv/versions/2.1.2/lib/ruby/gems/2.1.0/gems/bunny-1.2.1/lib/bunny/session.rb:940:in `open_connection'
/home/deploy/.rbenv/versions/2.1.2/lib/ruby/gems/2.1.0/gems/bunny-1.2.1/lib/bunny/session.rb:255:in `start'
/home/deploy/peatio/current/lib/daemons/amqp_daemon.rb:17:in `<top (required)>'
/home/deploy/.rbenv/versions/2.1.2/lib/ruby/gems/2.1.0/gems/daemons-1.1.9/lib/daemons/application.rb:203:in `load'
/home/deploy/.rbenv/versions/2.1.2/lib/ruby/gems/2.1.0/gems/daemons-1.1.9/lib/daemons/application.rb:203:in `start_load'
/home/deploy/.rbenv/versions/2.1.2/lib/ruby/gems/2.1.0/gems/daemons-1.1.9/lib/daemons/application.rb:298:in `start'
/home/deploy/.rbenv/versions/2.1.2/lib/ruby/gems/2.1.0/gems/daemons-1.1.9/lib/daemons/controller.rb:70:in `run'
/home/deploy/.rbenv/versions/2.1.2/lib/ruby/gems/2.1.0/gems/daemons-1.1.9/lib/daemons.rb:147:in `block in run'
/home/deploy/.rbenv/versions/2.1.2/lib/ruby/gems/2.1.0/gems/daemons-1.1.9/lib/daemons/cmdline.rb:109:in `call'
/home/deploy/.rbenv/versions/2.1.2/lib/ruby/gems/2.1.0/gems/daemons-1.1.9/lib/daemons/cmdline.rb:109:in `catch_exceptions'
/home/deploy/.rbenv/versions/2.1.2/lib/ruby/gems/2.1.0/gems/daemons-1.1.9/lib/daemons.rb:146:in `run'
/home/deploy/.rbenv/versions/2.1.2/lib/ruby/gems/2.1.0/gems/daemons-rails-1.2.1/lib/daemons/rails.rb:16:in `run'
lib/daemons/withdraw_audit_ctl:11:in `<main>'
E, [2014-06-30T16:38:30.494364 #5894] ERROR -- : Resource temporarily unavailable - read would block (IO::EAGAINWaitReadable)
/home/deploy/.rbenv/versions/2.1.2/lib/ruby/gems/2.1.0/gems/bunny-1.2.1/lib/bunny/cruby/socket.rb:41:in `read_nonblock'
/home/deploy/.rbenv/versions/2.1.2/lib/ruby/gems/2.1.0/gems/bunny-1.2.1/lib/bunny/cruby/socket.rb:41:in `block in read_fully'
/home/deploy/.rbenv/versions/2.1.2/lib/ruby/gems/2.1.0/gems/bunny-1.2.1/lib/bunny/cruby/socket.rb:40:in `loop'
/home/deploy/.rbenv/versions/2.1.2/lib/ruby/gems/2.1.0/gems/bunny-1.2.1/lib/bunny/cruby/socket.rb:40:in `read_fully'
/home/deploy/.rbenv/versions/2.1.2/lib/ruby/gems/2.1.0/gems/bunny-1.2.1/lib/bunny/transport.rb:199:in `read_next_frame'
/home/deploy/.rbenv/versions/2.1.2/lib/ruby/gems/2.1.0/gems/bunny-1.2.1/lib/bunny/session.rb:923:in `init_connection'
/home/deploy/.rbenv/versions/2.1.2/lib/ruby/gems/2.1.0/gems/bunny-1.2.1/lib/bunny/session.rb:254:in `start'
/home/deploy/peatio/current/lib/daemons/amqp_daemon.rb:17:in `<top (required)>'
/home/deploy/.rbenv/versions/2.1.2/lib/ruby/gems/2.1.0/gems/daemons-1.1.9/lib/daemons/application.rb:203:in `load'
/home/deploy/.rbenv/versions/2.1.2/lib/ruby/gems/2.1.0/gems/daemons-1.1.9/lib/daemons/application.rb:203:in `start_load'
/home/deploy/.rbenv/versions/2.1.2/lib/ruby/gems/2.1.0/gems/daemons-1.1.9/lib/daemons/application.rb:298:in `start'
/home/deploy/.rbenv/versions/2.1.2/lib/ruby/gems/2.1.0/gems/daemons-1.1.9/lib/daemons/controller.rb:70:in `run'
/home/deploy/.rbenv/versions/2.1.2/lib/ruby/gems/2.1.0/gems/daemons-1.1.9/lib/daemons.rb:147:in `block in run'
/home/deploy/.rbenv/versions/2.1.2/lib/ruby/gems/2.1.0/gems/daemons-1.1.9/lib/daemons/cmdline.rb:109:in `call'
/home/deploy/.rbenv/versions/2.1.2/lib/ruby/gems/2.1.0/gems/daemons-1.1.9/lib/daemons/cmdline.rb:109:in `catch_exceptions'
/home/deploy/.rbenv/versions/2.1.2/lib/ruby/gems/2.1.0/gems/daemons-1.1.9/lib/daemons.rb:146:in `run'
/home/deploy/.rbenv/versions/2.1.2/lib/ruby/gems/2.1.0/gems/daemons-rails-1.2.1/lib/daemons/rails.rb:16:in `run'
lib/daemons/withdraw_audit_ctl:11:in `<main>'
I, [2014-06-30T18:34:10.944271 #2487]  INFO -- : *** below you find the most recent exception thrown, this will be likely (but not certainly) the exception that made the application exit abnormally ***
E, [2014-06-30T18:34:10.946949 #2487] ERROR -- : uninitialized constant Translation (NameError)
/home/deploy/.rbenv/versions/2.1.2/lib/ruby/gems/2.1.0/gems/globalize-4.0.0/lib/globalize/active_record/class_methods.rb:42:in `const_get'
/home/deploy/.rbenv/versions/2.1.2/lib/ruby/gems/2.1.0/gems/globalize-4.0.0/lib/globalize/active_record/class_methods.rb:42:in `translation_class'
/home/deploy/.rbenv/versions/2.1.2/lib/ruby/gems/2.1.0/gems/globalize-4.0.0/lib/globalize/active_record/act_macro.rb:71:in `setup_translates!'
/home/deploy/.rbenv/versions/2.1.2/lib/ruby/gems/2.1.0/gems/globalize-4.0.0/lib/globalize/active_record/act_macro.rb:6:in `translates'
/home/deploy/peatio/current/app/models/document.rb:3:in `<class:Document>'
/home/deploy/peatio/current/app/models/document.rb:1:in `<top (required)>'
/home/deploy/.rbenv/versions/2.1.2/lib/ruby/gems/2.1.0/gems/railties-4.0.2/lib/rails/engine.rb:465:in `block (2 levels) in eager_load!'
/home/deploy/.rbenv/versions/2.1.2/lib/ruby/gems/2.1.0/gems/railties-4.0.2/lib/rails/engine.rb:464:in `each'
/home/deploy/.rbenv/versions/2.1.2/lib/ruby/gems/2.1.0/gems/railties-4.0.2/lib/rails/engine.rb:464:in `block in eager_load!'
/home/deploy/.rbenv/versions/2.1.2/lib/ruby/gems/2.1.0/gems/railties-4.0.2/lib/rails/engine.rb:462:in `each'
/home/deploy/.rbenv/versions/2.1.2/lib/ruby/gems/2.1.0/gems/railties-4.0.2/lib/rails/engine.rb:462:in `eager_load!'
/home/deploy/.rbenv/versions/2.1.2/lib/ruby/gems/2.1.0/gems/railties-4.0.2/lib/rails/engine.rb:347:in `eager_load!'
/home/deploy/.rbenv/versions/2.1.2/lib/ruby/gems/2.1.0/gems/railties-4.0.2/lib/rails/application/finisher.rb:56:in `each'
/home/deploy/.rbenv/versions/2.1.2/lib/ruby/gems/2.1.0/gems/railties-4.0.2/lib/rails/application/finisher.rb:56:in `block in <module:Finisher>'
/home/deploy/.rbenv/versions/2.1.2/lib/ruby/gems/2.1.0/gems/railties-4.0.2/lib/rails/initializable.rb:30:in `instance_exec'
/home/deploy/.rbenv/versions/2.1.2/lib/ruby/gems/2.1.0/gems/railties-4.0.2/lib/rails/initializable.rb:30:in `run'
/home/deploy/.rbenv/versions/2.1.2/lib/ruby/gems/2.1.0/gems/railties-4.0.2/lib/rails/initializable.rb:55:in `block in run_initializers'
/home/deploy/.rbenv/versions/2.1.2/lib/ruby/2.1.0/tsort.rb:226:in `block in tsort_each'
/home/deploy/.rbenv/versions/2.1.2/lib/ruby/2.1.0/tsort.rb:348:in `block (2 levels) in each_strongly_connected_component'
/home/deploy/.rbenv/versions/2.1.2/lib/ruby/2.1.0/tsort.rb:427:in `each_strongly_connected_component_from'
/home/deploy/.rbenv/versions/2.1.2/lib/ruby/2.1.0/tsort.rb:347:in `block in each_strongly_connected_component'
/home/deploy/.rbenv/versions/2.1.2/lib/ruby/2.1.0/tsort.rb:345:in `each'
/home/deploy/.rbenv/versions/2.1.2/lib/ruby/2.1.0/tsort.rb:345:in `call'
/home/deploy/.rbenv/versions/2.1.2/lib/ruby/2.1.0/tsort.rb:345:in `each_strongly_connected_component'
/home/deploy/.rbenv/versions/2.1.2/lib/ruby/2.1.0/tsort.rb:224:in `tsort_each'
/home/deploy/.rbenv/versions/2.1.2/lib/ruby/2.1.0/tsort.rb:205:in `tsort_each'
/home/deploy/.rbenv/versions/2.1.2/lib/ruby/gems/2.1.0/gems/railties-4.0.2/lib/rails/initializable.rb:54:in `run_initializers'
/home/deploy/.rbenv/versions/2.1.2/lib/ruby/gems/2.1.0/gems/railties-4.0.2/lib/rails/application.rb:215:in `initialize!'
/home/deploy/.rbenv/versions/2.1.2/lib/ruby/gems/2.1.0/gems/railties-4.0.2/lib/rails/railtie/configurable.rb:30:in `method_missing'
/home/deploy/peatio/current/config/environment.rb:5:in `<top (required)>'
/home/deploy/peatio/current/lib/daemons/amqp_daemon.rb:10:in `require'
/home/deploy/peatio/current/lib/daemons/amqp_daemon.rb:10:in `<top (required)>'
/home/deploy/.rbenv/versions/2.1.2/lib/ruby/gems/2.1.0/gems/daemons-1.1.9/lib/daemons/application.rb:203:in `load'
/home/deploy/.rbenv/versions/2.1.2/lib/ruby/gems/2.1.0/gems/daemons-1.1.9/lib/daemons/application.rb:203:in `start_load'
/home/deploy/.rbenv/versions/2.1.2/lib/ruby/gems/2.1.0/gems/daemons-1.1.9/lib/daemons/application.rb:298:in `start'
/home/deploy/.rbenv/versions/2.1.2/lib/ruby/gems/2.1.0/gems/daemons-1.1.9/lib/daemons/controller.rb:70:in `run'
/home/deploy/.rbenv/versions/2.1.2/lib/ruby/gems/2.1.0/gems/daemons-1.1.9/lib/daemons.rb:147:in `block in run'
/home/deploy/.rbenv/versions/2.1.2/lib/ruby/gems/2.1.0/gems/daemons-1.1.9/lib/daemons/cmdline.rb:109:in `call'
/home/deploy/.rbenv/versions/2.1.2/lib/ruby/gems/2.1.0/gems/daemons-1.1.9/lib/daemons/cmdline.rb:109:in `catch_exceptions'
/home/deploy/.rbenv/versions/2.1.2/lib/ruby/gems/2.1.0/gems/daemons-1.1.9/lib/daemons.rb:146:in `run'
/home/deploy/.rbenv/versions/2.1.2/lib/ruby/gems/2.1.0/gems/daemons-rails-1.2.1/lib/daemons/rails.rb:16:in `run'
lib/daemons/withdraw_audit_ctl:11:in `<main>'
I, [2014-06-30T18:34:10.947454 #2487]  INFO -- : *** below you find all exception objects found in memory, some of them may have been thrown in your application, others may just be in memory because they are standard exceptions ***
E, [2014-06-30T18:34:10.950760 #2487] ERROR -- : stream closed (IOError)

E, [2014-06-30T18:34:10.951474 #2487] ERROR -- : failed to allocate memory (NoMemoryError)

E, [2014-06-30T18:34:10.951901 #2487] ERROR -- : stack level too deep (SystemStackError)

E, [2014-06-30T18:34:10.952992 #2487] ERROR -- : exception reentered (fatal)

E, [2014-06-30T18:34:10.962741 #2487] ERROR -- : Authentication with RabbitMQ failed. Please check your connection settings. Username: guest, vhost: /, password length: 5 (Bunny::AuthenticationFailureError)
/home/deploy/.rbenv/versions/2.1.2/lib/ruby/gems/2.1.0/gems/bunny-1.2.1/lib/bunny/session.rb:960:in `open_connection'
/home/deploy/.rbenv/versions/2.1.2/lib/ruby/gems/2.1.0/gems/bunny-1.2.1/lib/bunny/session.rb:255:in `start'
/home/deploy/peatio/current/lib/daemons/amqp_daemon.rb:17:in `<top (required)>'
/home/deploy/.rbenv/versions/2.1.2/lib/ruby/gems/2.1.0/gems/daemons-1.1.9/lib/daemons/application.rb:203:in `load'
/home/deploy/.rbenv/versions/2.1.2/lib/ruby/gems/2.1.0/gems/daemons-1.1.9/lib/daemons/application.rb:203:in `start_load'
/home/deploy/.rbenv/versions/2.1.2/lib/ruby/gems/2.1.0/gems/daemons-1.1.9/lib/daemons/application.rb:298:in `start'
/home/deploy/.rbenv/versions/2.1.2/lib/ruby/gems/2.1.0/gems/daemons-1.1.9/lib/daemons/controller.rb:70:in `run'
/home/deploy/.rbenv/versions/2.1.2/lib/ruby/gems/2.1.0/gems/daemons-1.1.9/lib/daemons.rb:147:in `block in run'
/home/deploy/.rbenv/versions/2.1.2/lib/ruby/gems/2.1.0/gems/daemons-1.1.9/lib/daemons/cmdline.rb:109:in `call'
/home/deploy/.rbenv/versions/2.1.2/lib/ruby/gems/2.1.0/gems/daemons-1.1.9/lib/daemons/cmdline.rb:109:in `catch_exceptions'
/home/deploy/.rbenv/versions/2.1.2/lib/ruby/gems/2.1.0/gems/daemons-1.1.9/lib/daemons.rb:146:in `run'
/home/deploy/.rbenv/versions/2.1.2/lib/ruby/gems/2.1.0/gems/daemons-rails-1.2.1/lib/daemons/rails.rb:16:in `run'
lib/daemons/withdraw_audit_ctl:11:in `<main>'
E, [2014-06-30T18:34:10.963236 #2487] ERROR -- : Resource temporarily unavailable - read would block (IO::EAGAINWaitReadable)
/home/deploy/.rbenv/versions/2.1.2/lib/ruby/gems/2.1.0/gems/bunny-1.2.1/lib/bunny/cruby/socket.rb:41:in `read_nonblock'
/home/deploy/.rbenv/versions/2.1.2/lib/ruby/gems/2.1.0/gems/bunny-1.2.1/lib/bunny/cruby/socket.rb:41:in `block in read_fully'
/home/deploy/.rbenv/versions/2.1.2/lib/ruby/gems/2.1.0/gems/bunny-1.2.1/lib/bunny/cruby/socket.rb:40:in `loop'
/home/deploy/.rbenv/versions/2.1.2/lib/ruby/gems/2.1.0/gems/bunny-1.2.1/lib/bunny/cruby/socket.rb:40:in `read_fully'
/home/deploy/.rbenv/versions/2.1.2/lib/ruby/gems/2.1.0/gems/bunny-1.2.1/lib/bunny/transport.rb:199:in `read_next_frame'
/home/deploy/.rbenv/versions/2.1.2/lib/ruby/gems/2.1.0/gems/bunny-1.2.1/lib/bunny/session.rb:940:in `open_connection'
/home/deploy/.rbenv/versions/2.1.2/lib/ruby/gems/2.1.0/gems/bunny-1.2.1/lib/bunny/session.rb:255:in `start'
/home/deploy/peatio/current/lib/daemons/amqp_daemon.rb:17:in `<top (required)>'
/home/deploy/.rbenv/versions/2.1.2/lib/ruby/gems/2.1.0/gems/daemons-1.1.9/lib/daemons/application.rb:203:in `load'
/home/deploy/.rbenv/versions/2.1.2/lib/ruby/gems/2.1.0/gems/daemons-1.1.9/lib/daemons/application.rb:203:in `start_load'
/home/deploy/.rbenv/versions/2.1.2/lib/ruby/gems/2.1.0/gems/daemons-1.1.9/lib/daemons/application.rb:298:in `start'
/home/deploy/.rbenv/versions/2.1.2/lib/ruby/gems/2.1.0/gems/daemons-1.1.9/lib/daemons/controller.rb:70:in `run'
/home/deploy/.rbenv/versions/2.1.2/lib/ruby/gems/2.1.0/gems/daemons-1.1.9/lib/daemons.rb:147:in `block in run'
/home/deploy/.rbenv/versions/2.1.2/lib/ruby/gems/2.1.0/gems/daemons-1.1.9/lib/daemons/cmdline.rb:109:in `call'
/home/deploy/.rbenv/versions/2.1.2/lib/ruby/gems/2.1.0/gems/daemons-1.1.9/lib/daemons/cmdline.rb:109:in `catch_exceptions'
/home/deploy/.rbenv/versions/2.1.2/lib/ruby/gems/2.1.0/gems/daemons-1.1.9/lib/daemons.rb:146:in `run'
/home/deploy/.rbenv/versions/2.1.2/lib/ruby/gems/2.1.0/gems/daemons-rails-1.2.1/lib/daemons/rails.rb:16:in `run'
lib/daemons/withdraw_audit_ctl:11:in `<main>'
E, [2014-06-30T18:34:10.964257 #2487] ERROR -- : Resource temporarily unavailable - read would block (IO::EAGAINWaitReadable)
/home/deploy/.rbenv/versions/2.1.2/lib/ruby/gems/2.1.0/gems/bunny-1.2.1/lib/bunny/cruby/socket.rb:41:in `read_nonblock'
/home/deploy/.rbenv/versions/2.1.2/lib/ruby/gems/2.1.0/gems/bunny-1.2.1/lib/bunny/cruby/socket.rb:41:in `block in read_fully'
/home/deploy/.rbenv/versions/2.1.2/lib/ruby/gems/2.1.0/gems/bunny-1.2.1/lib/bunny/cruby/socket.rb:40:in `loop'
/home/deploy/.rbenv/versions/2.1.2/lib/ruby/gems/2.1.0/gems/bunny-1.2.1/lib/bunny/cruby/socket.rb:40:in `read_fully'
/home/deploy/.rbenv/versions/2.1.2/lib/ruby/gems/2.1.0/gems/bunny-1.2.1/lib/bunny/transport.rb:199:in `read_next_frame'
/home/deploy/.rbenv/versions/2.1.2/lib/ruby/gems/2.1.0/gems/bunny-1.2.1/lib/bunny/session.rb:923:in `init_connection'
/home/deploy/.rbenv/versions/2.1.2/lib/ruby/gems/2.1.0/gems/bunny-1.2.1/lib/bunny/session.rb:254:in `start'
/home/deploy/peatio/current/lib/daemons/amqp_daemon.rb:17:in `<top (required)>'
/home/deploy/.rbenv/versions/2.1.2/lib/ruby/gems/2.1.0/gems/daemons-1.1.9/lib/daemons/application.rb:203:in `load'
/home/deploy/.rbenv/versions/2.1.2/lib/ruby/gems/2.1.0/gems/daemons-1.1.9/lib/daemons/application.rb:203:in `start_load'
/home/deploy/.rbenv/versions/2.1.2/lib/ruby/gems/2.1.0/gems/daemons-1.1.9/lib/daemons/application.rb:298:in `start'
/home/deploy/.rbenv/versions/2.1.2/lib/ruby/gems/2.1.0/gems/daemons-1.1.9/lib/daemons/controller.rb:70:in `run'
/home/deploy/.rbenv/versions/2.1.2/lib/ruby/gems/2.1.0/gems/daemons-1.1.9/lib/daemons.rb:147:in `block in run'
/home/deploy/.rbenv/versions/2.1.2/lib/ruby/gems/2.1.0/gems/daemons-1.1.9/lib/daemons/cmdline.rb:109:in `call'
/home/deploy/.rbenv/versions/2.1.2/lib/ruby/gems/2.1.0/gems/daemons-1.1.9/lib/daemons/cmdline.rb:109:in `catch_exceptions'
/home/deploy/.rbenv/versions/2.1.2/lib/ruby/gems/2.1.0/gems/daemons-1.1.9/lib/daemons.rb:146:in `run'
/home/deploy/.rbenv/versions/2.1.2/lib/ruby/gems/2.1.0/gems/daemons-rails-1.2.1/lib/daemons/rails.rb:16:in `run'
lib/daemons/withdraw_audit_ctl:11:in `<main>'
E, [2014-06-30T18:34:10.968971 #2487] ERROR -- : Value will be available once the pipeline executes. (Redis::FutureNotReady)

E, [2014-06-30T18:34:11.083444 #2487] ERROR -- : cannot load such file -- 2.1/bcrypt_ext (LoadError)
/home/deploy/.rbenv/versions/2.1.2/lib/ruby/gems/2.1.0/gems/activesupport-4.0.2/lib/active_support/dependencies.rb:229:in `require'
/home/deploy/.rbenv/versions/2.1.2/lib/ruby/gems/2.1.0/gems/activesupport-4.0.2/lib/active_support/dependencies.rb:229:in `block in require'
/home/deploy/.rbenv/versions/2.1.2/lib/ruby/gems/2.1.0/gems/activesupport-4.0.2/lib/active_support/dependencies.rb:214:in `load_dependency'
/home/deploy/.rbenv/versions/2.1.2/lib/ruby/gems/2.1.0/gems/activesupport-4.0.2/lib/active_support/dependencies.rb:229:in `require'
/home/deploy/.rbenv/versions/2.1.2/lib/ruby/gems/2.1.0/gems/bcrypt-ruby-3.1.2/lib/bcrypt.rb:14:in `<top (required)>'
/home/deploy/.rbenv/versions/2.1.2/lib/ruby/gems/2.1.0/gems/activesupport-4.0.2/lib/active_support/dependencies.rb:229:in `require'
/home/deploy/.rbenv/versions/2.1.2/lib/ruby/gems/2.1.0/gems/activesupport-4.0.2/lib/active_support/dependencies.rb:229:in `block in require'
/home/deploy/.rbenv/versions/2.1.2/lib/ruby/gems/2.1.0/gems/activesupport-4.0.2/lib/active_support/dependencies.rb:214:in `load_dependency'
/home/deploy/.rbenv/versions/2.1.2/lib/ruby/gems/2.1.0/gems/activesupport-4.0.2/lib/active_support/dependencies.rb:229:in `require'
/home/deploy/.rbenv/versions/2.1.2/lib/ruby/gems/2.1.0/gems/omniauth-identity-1.1.1/lib/omniauth/identity/secure_password.rb:1:in `<top (required)>'
/home/deploy/.rbenv/versions/2.1.2/lib/ruby/gems/2.1.0/gems/omniauth-identity-1.1.1/lib/omniauth/identity/models/active_record.rb:8:in `<class:ActiveRecord>'
/home/deploy/.rbenv/versions/2.1.2/lib/ruby/gems/2.1.0/gems/omniauth-identity-1.1.1/lib/omniauth/identity/models/active_record.rb:6:in `<module:Models>'
/home/deploy/.rbenv/versions/2.1.2/lib/ruby/gems/2.1.0/gems/omniauth-identity-1.1.1/lib/omniauth/identity/models/active_record.rb:5:in `<module:Identity>'
/home/deploy/.rbenv/versions/2.1.2/lib/ruby/gems/2.1.0/gems/omniauth-identity-1.1.1/lib/omniauth/identity/models/active_record.rb:4:in `<module:OmniAuth>'
/home/deploy/.rbenv/versions/2.1.2/lib/ruby/gems/2.1.0/gems/omniauth-identity-1.1.1/lib/omniauth/identity/models/active_record.rb:3:in `<top (required)>'
/home/deploy/peatio/current/app/models/identity.rb:1:in `<top (required)>'
/home/deploy/.rbenv/versions/2.1.2/lib/ruby/gems/2.1.0/gems/activesupport-4.0.2/lib/active_support/dependencies.rb:229:in `require'
/home/deploy/.rbenv/versions/2.1.2/lib/ruby/gems/2.1.0/gems/activesupport-4.0.2/lib/active_support/dependencies.rb:229:in `block in require'
/home/deploy/.rbenv/versions/2.1.2/lib/ruby/gems/2.1.0/gems/activesupport-4.0.2/lib/active_support/dependencies.rb:214:in `load_dependency'
/home/deploy/.rbenv/versions/2.1.2/lib/ruby/gems/2.1.0/gems/activesupport-4.0.2/lib/active_support/dependencies.rb:229:in `require'
/home/deploy/.rbenv/versions/2.1.2/lib/ruby/gems/2.1.0/gems/activesupport-4.0.2/lib/active_support/dependencies.rb:330:in `require_or_load'
/home/deploy/.rbenv/versions/2.1.2/lib/ruby/gems/2.1.0/gems/activesupport-4.0.2/lib/active_support/dependencies.rb:289:in `depend_on'
/home/deploy/.rbenv/versions/2.1.2/lib/ruby/gems/2.1.0/gems/activesupport-4.0.2/lib/active_support/dependencies.rb:207:in `require_dependency'
/home/deploy/.rbenv/versions/2.1.2/lib/ruby/gems/2.1.0/gems/railties-4.0.2/lib/rails/engine.rb:465:in `block (2 levels) in eager_load!'
/home/deploy/.rbenv/versions/2.1.2/lib/ruby/gems/2.1.0/gems/railties-4.0.2/lib/rails/engine.rb:464:in `each'
/home/deploy/.rbenv/versions/2.1.2/lib/ruby/gems/2.1.0/gems/railties-4.0.2/lib/rails/engine.rb:464:in `block in eager_load!'
/home/deploy/.rbenv/versions/2.1.2/lib/ruby/gems/2.1.0/gems/railties-4.0.2/lib/rails/engine.rb:462:in `each'
/home/deploy/.rbenv/versions/2.1.2/lib/ruby/gems/2.1.0/gems/railties-4.0.2/lib/rails/engine.rb:462:in `eager_load!'
/home/deploy/.rbenv/versions/2.1.2/lib/ruby/gems/2.1.0/gems/railties-4.0.2/lib/rails/engine.rb:347:in `eager_load!'
/home/deploy/.rbenv/versions/2.1.2/lib/ruby/gems/2.1.0/gems/railties-4.0.2/lib/rails/application/finisher.rb:56:in `each'
/home/deploy/.rbenv/versions/2.1.2/lib/ruby/gems/2.1.0/gems/railties-4.0.2/lib/rails/application/finisher.rb:56:in `block in <module:Finisher>'
/home/deploy/.rbenv/versions/2.1.2/lib/ruby/gems/2.1.0/gems/railties-4.0.2/lib/rails/initializable.rb:30:in `instance_exec'
/home/deploy/.rbenv/versions/2.1.2/lib/ruby/gems/2.1.0/gems/railties-4.0.2/lib/rails/initializable.rb:30:in `run'
/home/deploy/.rbenv/versions/2.1.2/lib/ruby/gems/2.1.0/gems/railties-4.0.2/lib/rails/initializable.rb:55:in `block in run_initializers'
/home/deploy/.rbenv/versions/2.1.2/lib/ruby/2.1.0/tsort.rb:226:in `block in tsort_each'
/home/deploy/.rbenv/versions/2.1.2/lib/ruby/2.1.0/tsort.rb:348:in `block (2 levels) in each_strongly_connected_component'
/home/deploy/.rbenv/versions/2.1.2/lib/ruby/2.1.0/tsort.rb:427:in `each_strongly_connected_component_from'
/home/deploy/.rbenv/versions/2.1.2/lib/ruby/2.1.0/tsort.rb:347:in `block in each_strongly_connected_component'
/home/deploy/.rbenv/versions/2.1.2/lib/ruby/2.1.0/tsort.rb:345:in `each'
/home/deploy/.rbenv/versions/2.1.2/lib/ruby/2.1.0/tsort.rb:345:in `call'
/home/deploy/.rbenv/versions/2.1.2/lib/ruby/2.1.0/tsort.rb:345:in `each_strongly_connected_component'
/home/deploy/.rbenv/versions/2.1.2/lib/ruby/2.1.0/tsort.rb:224:in `tsort_each'
/home/deploy/.rbenv/versions/2.1.2/lib/ruby/2.1.0/tsort.rb:205:in `tsort_each'
/home/deploy/.rbenv/versions/2.1.2/lib/ruby/gems/2.1.0/gems/railties-4.0.2/lib/rails/initializable.rb:54:in `run_initializers'
/home/deploy/.rbenv/versions/2.1.2/lib/ruby/gems/2.1.0/gems/railties-4.0.2/lib/rails/application.rb:215:in `initialize!'
/home/deploy/.rbenv/versions/2.1.2/lib/ruby/gems/2.1.0/gems/railties-4.0.2/lib/rails/railtie/configurable.rb:30:in `method_missing'
/home/deploy/peatio/current/config/environment.rb:5:in `<top (required)>'
/home/deploy/peatio/current/lib/daemons/amqp_daemon.rb:10:in `require'
/home/deploy/peatio/current/lib/daemons/amqp_daemon.rb:10:in `<top (required)>'
/home/deploy/.rbenv/versions/2.1.2/lib/ruby/gems/2.1.0/gems/daemons-1.1.9/lib/daemons/application.rb:203:in `load'
/home/deploy/.rbenv/versions/2.1.2/lib/ruby/gems/2.1.0/gems/daemons-1.1.9/lib/daemons/application.rb:203:in `start_load'
/home/deploy/.rbenv/versions/2.1.2/lib/ruby/gems/2.1.0/gems/daemons-1.1.9/lib/daemons/application.rb:298:in `start'
/home/deploy/.rbenv/versions/2.1.2/lib/ruby/gems/2.1.0/gems/daemons-1.1.9/lib/daemons/controller.rb:70:in `run'
/home/deploy/.rbenv/versions/2.1.2/lib/ruby/gems/2.1.0/gems/daemons-1.1.9/lib/daemons.rb:147:in `block in run'
/home/deploy/.rbenv/versions/2.1.2/lib/ruby/gems/2.1.0/gems/daemons-1.1.9/lib/daemons/cmdline.rb:109:in `call'
/home/deploy/.rbenv/versions/2.1.2/lib/ruby/gems/2.1.0/gems/daemons-1.1.9/lib/daemons/cmdline.rb:109:in `catch_exceptions'
/home/deploy/.rbenv/versions/2.1.2/lib/ruby/gems/2.1.0/gems/daemons-1.1.9/lib/daemons.rb:146:in `run'
/home/deploy/.rbenv/versions/2.1.2/lib/ruby/gems/2.1.0/gems/daemons-rails-1.2.1/lib/daemons/rails.rb:16:in `run'
lib/daemons/withdraw_audit_ctl:11:in `<main>'
E, [2014-06-30T18:34:11.088833 #2487] ERROR -- : uninitialized constant Document::Translation (NameError)
/home/deploy/.rbenv/versions/2.1.2/lib/ruby/gems/2.1.0/gems/globalize-4.0.0/lib/globalize/active_record/class_methods.rb:42:in `const_get'
/home/deploy/.rbenv/versions/2.1.2/lib/ruby/gems/2.1.0/gems/globalize-4.0.0/lib/globalize/active_record/class_methods.rb:42:in `translation_class'
/home/deploy/.rbenv/versions/2.1.2/lib/ruby/gems/2.1.0/gems/globalize-4.0.0/lib/globalize/active_record/act_macro.rb:71:in `setup_translates!'
/home/deploy/.rbenv/versions/2.1.2/lib/ruby/gems/2.1.0/gems/globalize-4.0.0/lib/globalize/active_record/act_macro.rb:6:in `translates'
/home/deploy/peatio/current/app/models/document.rb:3:in `<class:Document>'
/home/deploy/peatio/current/app/models/document.rb:1:in `<top (required)>'
/home/deploy/.rbenv/versions/2.1.2/lib/ruby/gems/2.1.0/gems/railties-4.0.2/lib/rails/engine.rb:465:in `block (2 levels) in eager_load!'
/home/deploy/.rbenv/versions/2.1.2/lib/ruby/gems/2.1.0/gems/railties-4.0.2/lib/rails/engine.rb:464:in `each'
/home/deploy/.rbenv/versions/2.1.2/lib/ruby/gems/2.1.0/gems/railties-4.0.2/lib/rails/engine.rb:464:in `block in eager_load!'
/home/deploy/.rbenv/versions/2.1.2/lib/ruby/gems/2.1.0/gems/railties-4.0.2/lib/rails/engine.rb:462:in `each'
/home/deploy/.rbenv/versions/2.1.2/lib/ruby/gems/2.1.0/gems/railties-4.0.2/lib/rails/engine.rb:462:in `eager_load!'
/home/deploy/.rbenv/versions/2.1.2/lib/ruby/gems/2.1.0/gems/railties-4.0.2/lib/rails/engine.rb:347:in `eager_load!'
/home/deploy/.rbenv/versions/2.1.2/lib/ruby/gems/2.1.0/gems/railties-4.0.2/lib/rails/application/finisher.rb:56:in `each'
/home/deploy/.rbenv/versions/2.1.2/lib/ruby/gems/2.1.0/gems/railties-4.0.2/lib/rails/application/finisher.rb:56:in `block in <module:Finisher>'
/home/deploy/.rbenv/versions/2.1.2/lib/ruby/gems/2.1.0/gems/railties-4.0.2/lib/rails/initializable.rb:30:in `instance_exec'
/home/deploy/.rbenv/versions/2.1.2/lib/ruby/gems/2.1.0/gems/railties-4.0.2/lib/rails/initializable.rb:30:in `run'
/home/deploy/.rbenv/versions/2.1.2/lib/ruby/gems/2.1.0/gems/railties-4.0.2/lib/rails/initializable.rb:55:in `block in run_initializers'
/home/deploy/.rbenv/versions/2.1.2/lib/ruby/2.1.0/tsort.rb:226:in `block in tsort_each'
/home/deploy/.rbenv/versions/2.1.2/lib/ruby/2.1.0/tsort.rb:348:in `block (2 levels) in each_strongly_connected_component'
/home/deploy/.rbenv/versions/2.1.2/lib/ruby/2.1.0/tsort.rb:427:in `each_strongly_connected_component_from'
/home/deploy/.rbenv/versions/2.1.2/lib/ruby/2.1.0/tsort.rb:347:in `block in each_strongly_connected_component'
/home/deploy/.rbenv/versions/2.1.2/lib/ruby/2.1.0/tsort.rb:345:in `each'
/home/deploy/.rbenv/versions/2.1.2/lib/ruby/2.1.0/tsort.rb:345:in `call'
/home/deploy/.rbenv/versions/2.1.2/lib/ruby/2.1.0/tsort.rb:345:in `each_strongly_connected_component'
/home/deploy/.rbenv/versions/2.1.2/lib/ruby/2.1.0/tsort.rb:224:in `tsort_each'
/home/deploy/.rbenv/versions/2.1.2/lib/ruby/2.1.0/tsort.rb:205:in `tsort_each'
/home/deploy/.rbenv/versions/2.1.2/lib/ruby/gems/2.1.0/gems/railties-4.0.2/lib/rails/initializable.rb:54:in `run_initializers'
/home/deploy/.rbenv/versions/2.1.2/lib/ruby/gems/2.1.0/gems/railties-4.0.2/lib/rails/application.rb:215:in `initialize!'
/home/deploy/.rbenv/versions/2.1.2/lib/ruby/gems/2.1.0/gems/railties-4.0.2/lib/rails/railtie/configurable.rb:30:in `method_missing'
/home/deploy/peatio/current/config/environment.rb:5:in `<top (required)>'
/home/deploy/peatio/current/lib/daemons/amqp_daemon.rb:10:in `require'
/home/deploy/peatio/current/lib/daemons/amqp_daemon.rb:10:in `<top (required)>'
/home/deploy/.rbenv/versions/2.1.2/lib/ruby/gems/2.1.0/gems/daemons-1.1.9/lib/daemons/application.rb:203:in `load'
/home/deploy/.rbenv/versions/2.1.2/lib/ruby/gems/2.1.0/gems/daemons-1.1.9/lib/daemons/application.rb:203:in `start_load'
/home/deploy/.rbenv/versions/2.1.2/lib/ruby/gems/2.1.0/gems/daemons-1.1.9/lib/daemons/application.rb:298:in `start'
/home/deploy/.rbenv/versions/2.1.2/lib/ruby/gems/2.1.0/gems/daemons-1.1.9/lib/daemons/controller.rb:70:in `run'
/home/deploy/.rbenv/versions/2.1.2/lib/ruby/gems/2.1.0/gems/daemons-1.1.9/lib/daemons.rb:147:in `block in run'
/home/deploy/.rbenv/versions/2.1.2/lib/ruby/gems/2.1.0/gems/daemons-1.1.9/lib/daemons/cmdline.rb:109:in `call'
/home/deploy/.rbenv/versions/2.1.2/lib/ruby/gems/2.1.0/gems/daemons-1.1.9/lib/daemons/cmdline.rb:109:in `catch_exceptions'
/home/deploy/.rbenv/versions/2.1.2/lib/ruby/gems/2.1.0/gems/daemons-1.1.9/lib/daemons.rb:146:in `run'
/home/deploy/.rbenv/versions/2.1.2/lib/ruby/gems/2.1.0/gems/daemons-rails-1.2.1/lib/daemons/rails.rb:16:in `run'
lib/daemons/withdraw_audit_ctl:11:in `<main>'
E, [2014-06-30T18:34:11.089409 #2487] ERROR -- : uninitialized constant Translation (NameError)
/home/deploy/.rbenv/versions/2.1.2/lib/ruby/gems/2.1.0/gems/globalize-4.0.0/lib/globalize/active_record/class_methods.rb:42:in `const_get'
/home/deploy/.rbenv/versions/2.1.2/lib/ruby/gems/2.1.0/gems/globalize-4.0.0/lib/globalize/active_record/class_methods.rb:42:in `translation_class'
/home/deploy/.rbenv/versions/2.1.2/lib/ruby/gems/2.1.0/gems/globalize-4.0.0/lib/globalize/active_record/act_macro.rb:71:in `setup_translates!'
/home/deploy/.rbenv/versions/2.1.2/lib/ruby/gems/2.1.0/gems/globalize-4.0.0/lib/globalize/active_record/act_macro.rb:6:in `translates'
/home/deploy/peatio/current/app/models/document.rb:3:in `<class:Document>'
/home/deploy/peatio/current/app/models/document.rb:1:in `<top (required)>'
/home/deploy/.rbenv/versions/2.1.2/lib/ruby/gems/2.1.0/gems/railties-4.0.2/lib/rails/engine.rb:465:in `block (2 levels) in eager_load!'
/home/deploy/.rbenv/versions/2.1.2/lib/ruby/gems/2.1.0/gems/railties-4.0.2/lib/rails/engine.rb:464:in `each'
/home/deploy/.rbenv/versions/2.1.2/lib/ruby/gems/2.1.0/gems/railties-4.0.2/lib/rails/engine.rb:464:in `block in eager_load!'
/home/deploy/.rbenv/versions/2.1.2/lib/ruby/gems/2.1.0/gems/railties-4.0.2/lib/rails/engine.rb:462:in `each'
/home/deploy/.rbenv/versions/2.1.2/lib/ruby/gems/2.1.0/gems/railties-4.0.2/lib/rails/engine.rb:462:in `eager_load!'
/home/deploy/.rbenv/versions/2.1.2/lib/ruby/gems/2.1.0/gems/railties-4.0.2/lib/rails/engine.rb:347:in `eager_load!'
/home/deploy/.rbenv/versions/2.1.2/lib/ruby/gems/2.1.0/gems/railties-4.0.2/lib/rails/application/finisher.rb:56:in `each'
/home/deploy/.rbenv/versions/2.1.2/lib/ruby/gems/2.1.0/gems/railties-4.0.2/lib/rails/application/finisher.rb:56:in `block in <module:Finisher>'
/home/deploy/.rbenv/versions/2.1.2/lib/ruby/gems/2.1.0/gems/railties-4.0.2/lib/rails/initializable.rb:30:in `instance_exec'
/home/deploy/.rbenv/versions/2.1.2/lib/ruby/gems/2.1.0/gems/railties-4.0.2/lib/rails/initializable.rb:30:in `run'
/home/deploy/.rbenv/versions/2.1.2/lib/ruby/gems/2.1.0/gems/railties-4.0.2/lib/rails/initializable.rb:55:in `block in run_initializers'
/home/deploy/.rbenv/versions/2.1.2/lib/ruby/2.1.0/tsort.rb:226:in `block in tsort_each'
/home/deploy/.rbenv/versions/2.1.2/lib/ruby/2.1.0/tsort.rb:348:in `block (2 levels) in each_strongly_connected_component'
/home/deploy/.rbenv/versions/2.1.2/lib/ruby/2.1.0/tsort.rb:427:in `each_strongly_connected_component_from'
/home/deploy/.rbenv/versions/2.1.2/lib/ruby/2.1.0/tsort.rb:347:in `block in each_strongly_connected_component'
/home/deploy/.rbenv/versions/2.1.2/lib/ruby/2.1.0/tsort.rb:345:in `each'
/home/deploy/.rbenv/versions/2.1.2/lib/ruby/2.1.0/tsort.rb:345:in `call'
/home/deploy/.rbenv/versions/2.1.2/lib/ruby/2.1.0/tsort.rb:345:in `each_strongly_connected_component'
/home/deploy/.rbenv/versions/2.1.2/lib/ruby/2.1.0/tsort.rb:224:in `tsort_each'
/home/deploy/.rbenv/versions/2.1.2/lib/ruby/2.1.0/tsort.rb:205:in `tsort_each'
/home/deploy/.rbenv/versions/2.1.2/lib/ruby/gems/2.1.0/gems/railties-4.0.2/lib/rails/initializable.rb:54:in `run_initializers'
/home/deploy/.rbenv/versions/2.1.2/lib/ruby/gems/2.1.0/gems/railties-4.0.2/lib/rails/application.rb:215:in `initialize!'
/home/deploy/.rbenv/versions/2.1.2/lib/ruby/gems/2.1.0/gems/railties-4.0.2/lib/rails/railtie/configurable.rb:30:in `method_missing'
/home/deploy/peatio/current/config/environment.rb:5:in `<top (required)>'
/home/deploy/peatio/current/lib/daemons/amqp_daemon.rb:10:in `require'
/home/deploy/peatio/current/lib/daemons/amqp_daemon.rb:10:in `<top (required)>'
/home/deploy/.rbenv/versions/2.1.2/lib/ruby/gems/2.1.0/gems/daemons-1.1.9/lib/daemons/application.rb:203:in `load'
/home/deploy/.rbenv/versions/2.1.2/lib/ruby/gems/2.1.0/gems/daemons-1.1.9/lib/daemons/application.rb:203:in `start_load'
/home/deploy/.rbenv/versions/2.1.2/lib/ruby/gems/2.1.0/gems/daemons-1.1.9/lib/daemons/application.rb:298:in `start'
/home/deploy/.rbenv/versions/2.1.2/lib/ruby/gems/2.1.0/gems/daemons-1.1.9/lib/daemons/controller.rb:70:in `run'
/home/deploy/.rbenv/versions/2.1.2/lib/ruby/gems/2.1.0/gems/daemons-1.1.9/lib/daemons.rb:147:in `block in run'
/home/deploy/.rbenv/versions/2.1.2/lib/ruby/gems/2.1.0/gems/daemons-1.1.9/lib/daemons/cmdline.rb:109:in `call'
/home/deploy/.rbenv/versions/2.1.2/lib/ruby/gems/2.1.0/gems/daemons-1.1.9/lib/daemons/cmdline.rb:109:in `catch_exceptions'
/home/deploy/.rbenv/versions/2.1.2/lib/ruby/gems/2.1.0/gems/daemons-1.1.9/lib/daemons.rb:146:in `run'
/home/deploy/.rbenv/versions/2.1.2/lib/ruby/gems/2.1.0/gems/daemons-rails-1.2.1/lib/daemons/rails.rb:16:in `run'
lib/daemons/withdraw_audit_ctl:11:in `<main>'
